<?xml version="1.0" encoding="UTF-8"?>
<!-- Generated by org.testng.reporters.JUnitXMLReporter -->
<testsuite ignored="0" hostname="DESKTOP-EBOQ8TM" failures="1" tests="1" name="Activities" time="11.2" errors="0" timestamp="2021-09-24T09:07:55 IST">
  <testcase classname="com.qa.testscript.TC_TrainReservation_001" name="reservationDetails" time="1.132">
    <failure type="org.testng.internal.reflect.MethodMatcherException" message="
[public void com.qa.testscript.TC_TrainReservation_001.reservationDetails(java.lang.String,java.lang.String,java.lang.String,java.lang.String,java.lang.String,java.lang.String,java.lang.String,java.lang.String,java.lang.String,java.lang.String,java.lang.String,java.lang.String,java.lang.String,java.lang.String) throws java.lang.InterruptedException,java.io.IOException] has no parameters defined but was found to be using a data provider (either explicitly specified or inherited from class level annotation).
Data provider mismatch
Method: reservationDetails([Parameter{index=0, type=java.lang.String, declaredAnnotations=[]}, Parameter{index=1, type=java.lang.String, declaredAnnotations=[]}, Parameter{index=2, type=java.lang.String, declaredAnnotations=[]}, Parameter{index=3, type=java.lang.String, declaredAnnotations=[]}, Parameter{index=4, type=java.lang.String, declaredAnnotations=[]}, Parameter{index=5, type=java.lang.String, declaredAnnotations=[]}, Parameter{index=6, type=java.lang.String, declaredAnnotations=[]}, Parameter{index=7, type=java.lang.String, declaredAnnotations=[]}, Parameter{index=8, type=java.lang.String, declaredAnnotations=[]}, Parameter{index=9, type=java.lang.String, declaredAnnotations=[]}, Parameter{index=10, type=java.lang.String, declaredAnnotations=[]}, Parameter{index=11, type=java.lang.String, declaredAnnotations=[]}, Parameter{index=12, type=java.lang.String, declaredAnnotations=[]}, Parameter{index=13, type=java.lang.String, declaredAnnotations=[]}])
Arguments: [(java.lang.String) Chennai,Chennai Egmore Railway Station,(java.lang.String) Chennai Egmore Railway Station,(java.lang.String) Coimbatore,Coimbatore Main Junction,(java.lang.String) Coimbatore Main Junction,(java.lang.String) Sun Oct 17 2021,(java.lang.String) Second AC,(java.lang.String) AC,(java.lang.String) Priya,(java.lang.String) 22,(java.lang.String) priya12,(java.lang.String) priya@gmail.com,(java.lang.String) 7634252345,(java.lang.String) Bharathi Nagar,Erode,(java.lang.String) 638001,(java.lang.String) ]">
      <![CDATA[org.testng.internal.reflect.MethodMatcherException: 
[public void com.qa.testscript.TC_TrainReservation_001.reservationDetails(java.lang.String,java.lang.String,java.lang.String,java.lang.String,java.lang.String,java.lang.String,java.lang.String,java.lang.String,java.lang.String,java.lang.String,java.lang.String,java.lang.String,java.lang.String,java.lang.String) throws java.lang.InterruptedException,java.io.IOException] has no parameters defined but was found to be using a data provider (either explicitly specified or inherited from class level annotation).
Data provider mismatch
Method: reservationDetails([Parameter{index=0, type=java.lang.String, declaredAnnotations=[]}, Parameter{index=1, type=java.lang.String, declaredAnnotations=[]}, Parameter{index=2, type=java.lang.String, declaredAnnotations=[]}, Parameter{index=3, type=java.lang.String, declaredAnnotations=[]}, Parameter{index=4, type=java.lang.String, declaredAnnotations=[]}, Parameter{index=5, type=java.lang.String, declaredAnnotations=[]}, Parameter{index=6, type=java.lang.String, declaredAnnotations=[]}, Parameter{index=7, type=java.lang.String, declaredAnnotations=[]}, Parameter{index=8, type=java.lang.String, declaredAnnotations=[]}, Parameter{index=9, type=java.lang.String, declaredAnnotations=[]}, Parameter{index=10, type=java.lang.String, declaredAnnotations=[]}, Parameter{index=11, type=java.lang.String, declaredAnnotations=[]}, Parameter{index=12, type=java.lang.String, declaredAnnotations=[]}, Parameter{index=13, type=java.lang.String, declaredAnnotations=[]}])
Arguments: [(java.lang.String) Chennai,Chennai Egmore Railway Station,(java.lang.String) Chennai Egmore Railway Station,(java.lang.String) Coimbatore,Coimbatore Main Junction,(java.lang.String) Coimbatore Main Junction,(java.lang.String) Sun Oct 17 2021,(java.lang.String) Second AC,(java.lang.String) AC,(java.lang.String) Priya,(java.lang.String) 22,(java.lang.String) priya12,(java.lang.String) priya@gmail.com,(java.lang.String) 7634252345,(java.lang.String) Bharathi Nagar,Erode,(java.lang.String) 638001,(java.lang.String) ]
at java.base/java.util.ArrayList.forEach(ArrayList.java:1510)
... Removed 22 stack frames]]>
    </failure>
  </testcase> <!-- reservationDetails -->
</testsuite> <!-- Activities -->
