<?xml version="1.0" encoding="UTF-8"?>
<testng-results skipped="0" failed="0" ignored="0" total="1" passed="1">
  <reporter-output>
    <line>
      <![CDATA[Module Url contains https://www.makemytrip.com/railways/]]>
    </line>
    <line>
      <![CDATA[From Location is selected]]>
    </line>
    <line>
      <![CDATA[To Location is selected]]>
    </line>
    <line>
      <![CDATA[Class is selected]]>
    </line>
    <line>
      <![CDATA[Module title is MakeMyTrip - Trains]]>
    </line>
    <line>
      <![CDATA[Select Travellers page url has the word:https://www.makemytrip.com/railways/review]]>
    </line>
    <line>
      <![CDATA[Cancellation checkbox is not selected]]>
    </line>
    <line>
      <![CDATA[Traveller is not selected]]>
    </line>
    <line>
      <![CDATA[Payment Page Url has the word https://payments.makemytrip.com/ui/checkout/?id=56285554097999]]>
    </line>
  </reporter-output>
  <suite name="Suite" duration-ms="102288" started-at="2021-09-27T19:59:59 IST" finished-at="2021-09-27T20:01:42 IST">
    <groups>
    </groups>
    <test name="Makemytrip Testing" duration-ms="102288" started-at="2021-09-27T19:59:59 IST" finished-at="2021-09-27T20:01:42 IST">
      <class name="com.qa.testscript.TC_TrainReservation_001">
        <test-method status="PASS" signature="setUp(java.lang.String,java.lang.String)[pri:0, instance:com.qa.testscript.TC_TrainReservation_001@7a187f14]" name="setUp" is-config="true" duration-ms="11350" started-at="2021-09-27T19:59:59 IST" finished-at="2021-09-27T20:00:11 IST">
          <params>
            <param index="0">
              <value>
                <![CDATA[chrome]]>
              </value>
            </param>
            <param index="1">
              <value>
                <![CDATA[https://www.makemytrip.com/]]>
              </value>
            </param>
          </params>
          <reporter-output>
          </reporter-output>
        </test-method> <!-- setUp -->
        <test-method status="PASS" signature="reservationDetails(java.lang.String,java.lang.String,java.lang.String,java.lang.String,java.lang.String,java.lang.String,java.lang.String,java.lang.String,java.lang.String,java.lang.String,java.lang.String,java.lang.String,java.lang.String,java.lang.String)[pri:0, instance:com.qa.testscript.TC_TrainReservation_001@7a187f14]" name="reservationDetails" duration-ms="88279" started-at="2021-09-27T20:00:12 IST" data-provider="excelDatas" finished-at="2021-09-27T20:01:40 IST">
          <params>
            <param index="0">
              <value>
                <![CDATA[Chennai,Chennai Egmore Railway Station]]>
              </value>
            </param>
            <param index="1">
              <value>
                <![CDATA[Chennai Egmore Railway Station]]>
              </value>
            </param>
            <param index="2">
              <value>
                <![CDATA[Coimbatore,Coimbatore Main Junction]]>
              </value>
            </param>
            <param index="3">
              <value>
                <![CDATA[Coimbatore Main Junction]]>
              </value>
            </param>
            <param index="4">
              <value>
                <![CDATA[Wed Oct 20 2021]]>
              </value>
            </param>
            <param index="5">
              <value>
                <![CDATA[Second AC]]>
              </value>
            </param>
            <param index="6">
              <value>
                <![CDATA[AC]]>
              </value>
            </param>
            <param index="7">
              <value>
                <![CDATA[Priya]]>
              </value>
            </param>
            <param index="8">
              <value>
                <![CDATA[22]]>
              </value>
            </param>
            <param index="9">
              <value>
                <![CDATA[priya12]]>
              </value>
            </param>
            <param index="10">
              <value>
                <![CDATA[priya@gmail.com]]>
              </value>
            </param>
            <param index="11">
              <value>
                <![CDATA[7634252345]]>
              </value>
            </param>
            <param index="12">
              <value>
                <![CDATA[Bharathi Nagar,Erode]]>
              </value>
            </param>
            <param index="13">
              <value>
                <![CDATA[638001]]>
              </value>
            </param>
          </params>
          <reporter-output>
            <line>
              <![CDATA[Module Url contains https://www.makemytrip.com/railways/]]>
            </line>
            <line>
              <![CDATA[From Location is selected]]>
            </line>
            <line>
              <![CDATA[To Location is selected]]>
            </line>
            <line>
              <![CDATA[Class is selected]]>
            </line>
            <line>
              <![CDATA[Module title is MakeMyTrip - Trains]]>
            </line>
            <line>
              <![CDATA[Select Travellers page url has the word:https://www.makemytrip.com/railways/review]]>
            </line>
            <line>
              <![CDATA[Cancellation checkbox is not selected]]>
            </line>
            <line>
              <![CDATA[Traveller is not selected]]>
            </line>
            <line>
              <![CDATA[Payment Page Url has the word https://payments.makemytrip.com/ui/checkout/?id=56285554097999]]>
            </line>
          </reporter-output>
        </test-method> <!-- reservationDetails -->
        <test-method status="PASS" signature="teardown()[pri:0, instance:com.qa.testscript.TC_TrainReservation_001@7a187f14]" name="teardown" is-config="true" duration-ms="1115" started-at="2021-09-27T20:01:40 IST" finished-at="2021-09-27T20:01:42 IST">
          <reporter-output>
          </reporter-output>
        </test-method> <!-- teardown -->
      </class> <!-- com.qa.testscript.TC_TrainReservation_001 -->
    </test> <!-- Makemytrip Testing -->
  </suite> <!-- Suite -->
</testng-results>
