<?xml version="1.0" encoding="UTF-8"?>
<testng-results ignored="0" total="1" passed="1" failed="0" skipped="0">
  <reporter-output>
    <line>
      <![CDATA[Module Url contains https://www.makemytrip.com/railways/]]>
    </line>
    <line>
      <![CDATA[From Location is selected]]>
    </line>
    <line>
      <![CDATA[To Location is selected]]>
    </line>
    <line>
      <![CDATA[Class is selected]]>
    </line>
    <line>
      <![CDATA[Module title is MakeMyTrip - Trains]]>
    </line>
    <line>
      <![CDATA[Select Travellers page url has the word:https://www.makemytrip.com/railways/review]]>
    </line>
    <line>
      <![CDATA[Cancellation checkbox is not selected]]>
    </line>
    <line>
      <![CDATA[Traveller is not selected]]>
    </line>
    <line>
      <![CDATA[Payment Page Url has the word https://payments.makemytrip.com/ui/checkout/?id=562842146865672]]>
    </line>
  </reporter-output>
  <suite started-at="2021-09-27T19:22:43 IST" name="Suite" finished-at="2021-09-27T19:24:28 IST" duration-ms="105231">
    <groups>
    </groups>
    <test started-at="2021-09-27T19:22:43 IST" name="Makemytrip Testing" finished-at="2021-09-27T19:24:28 IST" duration-ms="105231">
      <class name="com.qa.testscript.TC_TrainReservation_001">
        <test-method is-config="true" signature="setUp(java.lang.String,java.lang.String)[pri:0, instance:com.qa.testscript.TC_TrainReservation_001@498d318c]" started-at="2021-09-27T19:22:43 IST" name="setUp" finished-at="2021-09-27T19:22:52 IST" duration-ms="8911" status="PASS">
          <params>
            <param index="0">
              <value>
                <![CDATA[chrome]]>
              </value>
            </param>
            <param index="1">
              <value>
                <![CDATA[https://www.makemytrip.com/]]>
              </value>
            </param>
          </params>
          <reporter-output>
          </reporter-output>
        </test-method> <!-- setUp -->
        <test-method signature="reservationDetails(java.lang.String,java.lang.String,java.lang.String,java.lang.String,java.lang.String,java.lang.String,java.lang.String,java.lang.String,java.lang.String,java.lang.String,java.lang.String,java.lang.String,java.lang.String,java.lang.String)[pri:0, instance:com.qa.testscript.TC_TrainReservation_001@498d318c]" started-at="2021-09-27T19:22:54 IST" name="reservationDetails" data-provider="excelDatas" finished-at="2021-09-27T19:24:27 IST" duration-ms="93267" status="PASS">
          <params>
            <param index="0">
              <value>
                <![CDATA[Chennai,Chennai Egmore Railway Station]]>
              </value>
            </param>
            <param index="1">
              <value>
                <![CDATA[Chennai Egmore Railway Station]]>
              </value>
            </param>
            <param index="2">
              <value>
                <![CDATA[Coimbatore,Coimbatore Main Junction]]>
              </value>
            </param>
            <param index="3">
              <value>
                <![CDATA[Coimbatore Main Junction]]>
              </value>
            </param>
            <param index="4">
              <value>
                <![CDATA[Wed Oct 20 2021]]>
              </value>
            </param>
            <param index="5">
              <value>
                <![CDATA[Second AC]]>
              </value>
            </param>
            <param index="6">
              <value>
                <![CDATA[AC]]>
              </value>
            </param>
            <param index="7">
              <value>
                <![CDATA[Priya]]>
              </value>
            </param>
            <param index="8">
              <value>
                <![CDATA[22]]>
              </value>
            </param>
            <param index="9">
              <value>
                <![CDATA[priya12]]>
              </value>
            </param>
            <param index="10">
              <value>
                <![CDATA[priya@gmail.com]]>
              </value>
            </param>
            <param index="11">
              <value>
                <![CDATA[7634252345]]>
              </value>
            </param>
            <param index="12">
              <value>
                <![CDATA[Bharathi Nagar,Erode]]>
              </value>
            </param>
            <param index="13">
              <value>
                <![CDATA[638001]]>
              </value>
            </param>
          </params>
          <reporter-output>
            <line>
              <![CDATA[Module Url contains https://www.makemytrip.com/railways/]]>
            </line>
            <line>
              <![CDATA[From Location is selected]]>
            </line>
            <line>
              <![CDATA[To Location is selected]]>
            </line>
            <line>
              <![CDATA[Class is selected]]>
            </line>
            <line>
              <![CDATA[Module title is MakeMyTrip - Trains]]>
            </line>
            <line>
              <![CDATA[Select Travellers page url has the word:https://www.makemytrip.com/railways/review]]>
            </line>
            <line>
              <![CDATA[Cancellation checkbox is not selected]]>
            </line>
            <line>
              <![CDATA[Traveller is not selected]]>
            </line>
            <line>
              <![CDATA[Payment Page Url has the word https://payments.makemytrip.com/ui/checkout/?id=562842146865672]]>
            </line>
          </reporter-output>
        </test-method> <!-- reservationDetails -->
        <test-method is-config="true" signature="teardown()[pri:0, instance:com.qa.testscript.TC_TrainReservation_001@498d318c]" started-at="2021-09-27T19:24:27 IST" name="teardown" finished-at="2021-09-27T19:24:28 IST" duration-ms="1164" status="PASS">
          <reporter-output>
          </reporter-output>
        </test-method> <!-- teardown -->
      </class> <!-- com.qa.testscript.TC_TrainReservation_001 -->
    </test> <!-- Makemytrip Testing -->
  </suite> <!-- Suite -->
</testng-results>
